\BOOKMARK [1][-]{section.1}{Data}{}% 1
\BOOKMARK [1][-]{section.2}{Investment}{}% 2
\BOOKMARK [2][-]{subsection.2.1}{Portfolio Performance}{section.2}% 3
\BOOKMARK [2][-]{subsection.2.2}{Leverage}{section.2}% 4
\BOOKMARK [2][-]{subsection.2.3}{Drawdowns}{section.2}% 5
\BOOKMARK [2][-]{subsection.2.4}{Investor Utility}{section.2}% 6
\BOOKMARK [1][-]{section.3}{Systematic Risk}{}% 7
\BOOKMARK [2][-]{subsection.3.1}{In-Sample}{section.3}% 8
\BOOKMARK [2][-]{subsection.3.2}{Systematic Relationships}{section.3}% 9
\BOOKMARK [2][-]{subsection.3.3}{Regression Sub-sampling}{section.3}% 10
\BOOKMARK [2][-]{subsection.3.4}{Market Capitalization}{section.3}% 11
\BOOKMARK [2][-]{subsection.3.5}{Out-of-Sample}{section.3}% 12
\BOOKMARK [2][-]{subsection.3.6}{Robust Out-of-Sample}{section.3}% 13
\BOOKMARK [1][-]{section.4}{Additional Investment}{}% 14
\BOOKMARK [1][-]{section.5}{Conclusion}{}% 15
\BOOKMARK [1][-]{section.6}{Acknowledgments}{}% 16
\BOOKMARK [1][-]{section.7}{Appendix}{}% 17
\BOOKMARK [2][-]{subsection.7.1}{Investor Utility}{section.7}% 18
\BOOKMARK [2][-]{subsection.7.2}{In Sample Regressions}{section.7}% 19
\BOOKMARK [2][-]{subsection.7.3}{Out-of-sample Robust}{section.7}% 20
\BOOKMARK [2][-]{subsection.7.4}{Alternate Asset Classes}{section.7}% 21
